<?xml version="1.0" encoding="UTF-8"?>
<!-- Generated by org.testng.reporters.JUnitXMLReporter -->
<testsuite ignored="0" hostname="LAPTOP-TELIJ693" failures="0" tests="3" name="Default test" time="1.8" errors="0" timestamp="2023-03-13T18:24:58 IST">
  <testcase classname="dringDataFromExcelUsingDataProvider.ExcelDataUsingDataProvider" name="getDataFromExcel" time="0.017"/>
  <testcase classname="dringDataFromExcelUsingDataProvider.ExcelDataUsingDataProvider" name="getDataFromExcel" time="0.003"/>
  <testcase classname="dringDataFromExcelUsingDataProvider.ExcelDataUsingDataProvider" name="getDataFromExcel" time="0.011"/>
</testsuite> <!-- Default test -->
