<?xml version="1.0" encoding="UTF-8"?>
<testng-results ignored="0" total="3" passed="3" failed="0" skipped="0">
  <reporter-output>
  </reporter-output>
  <suite started-at="2023-03-13T18:24:56 IST" name="Default suite" finished-at="2023-03-13T18:24:58 IST" duration-ms="1800">
    <groups>
    </groups>
    <test started-at="2023-03-13T18:24:56 IST" name="Default test" finished-at="2023-03-13T18:24:58 IST" duration-ms="1800">
      <class name="dringDataFromExcelUsingDataProvider.ExcelDataUsingDataProvider">
        <test-method signature="getDataFromExcel(java.lang.String,java.lang.String,java.lang.String)[pri:0, instance:dringDataFromExcelUsingDataProvider.ExcelDataUsingDataProvider@24569dba]" started-at="2023-03-13T18:24:58 IST" name="getDataFromExcel" data-provider="ExceldatausingDataProvider" finished-at="2023-03-13T18:24:58 IST" duration-ms="17" status="PASS">
          <params>
            <param index="0">
              <value>
                <![CDATA[data 2]]>
              </value>
            </param>
            <param index="1">
              <value>
                <![CDATA[data 3]]>
              </value>
            </param>
            <param index="2">
              <value>
                <![CDATA[test cases]]>
              </value>
            </param>
          </params>
          <reporter-output>
          </reporter-output>
        </test-method> <!-- getDataFromExcel -->
        <test-method signature="getDataFromExcel(java.lang.String,java.lang.String,java.lang.String)[pri:0, instance:dringDataFromExcelUsingDataProvider.ExcelDataUsingDataProvider@24569dba]" started-at="2023-03-13T18:24:58 IST" name="getDataFromExcel" data-provider="ExceldatausingDataProvider" finished-at="2023-03-13T18:24:58 IST" duration-ms="3" status="PASS">
          <params>
            <param index="0">
              <value>
                <![CDATA[dsbfhd]]>
              </value>
            </param>
            <param index="1">
              <value>
                <![CDATA[hbf]]>
              </value>
            </param>
            <param index="2">
              <value>
                <![CDATA[EndToEnd]]>
              </value>
            </param>
          </params>
          <reporter-output>
          </reporter-output>
        </test-method> <!-- getDataFromExcel -->
        <test-method signature="getDataFromExcel(java.lang.String,java.lang.String,java.lang.String)[pri:0, instance:dringDataFromExcelUsingDataProvider.ExcelDataUsingDataProvider@24569dba]" started-at="2023-03-13T18:24:58 IST" name="getDataFromExcel" data-provider="ExceldatausingDataProvider" finished-at="2023-03-13T18:24:58 IST" duration-ms="11" status="PASS">
          <params>
            <param index="0">
              <value>
                <![CDATA[fjsf]]>
              </value>
            </param>
            <param index="1">
              <value>
                <![CDATA[fjdf]]>
              </value>
            </param>
            <param index="2">
              <value>
                <![CDATA[Purchase Order]]>
              </value>
            </param>
          </params>
          <reporter-output>
          </reporter-output>
        </test-method> <!-- getDataFromExcel -->
      </class> <!-- dringDataFromExcelUsingDataProvider.ExcelDataUsingDataProvider -->
    </test> <!-- Default test -->
  </suite> <!-- Default suite -->
</testng-results>
